2024-12-25 18:37:55,157 [Worker-5: Loading available Gradle versions] INFO  o.e.b.c.i.u.g.PublishedGradleVersions - Gradle version information cache is up-to-date. Trying to read.
2024-12-25 18:38:48,195 [Worker-7: Loading available Gradle versions] INFO  o.e.b.c.i.u.g.PublishedGradleVersions - Gradle version information cache is up-to-date. Trying to read.
2024-12-25 21:53:59,533 [Worker-4: Loading available Gradle versions] INFO  o.e.b.c.i.u.g.PublishedGradleVersions - Gradle version information cache is up-to-date. Trying to read.
2024-12-29 22:49:55,080 [Worker-1: Loading available Gradle versions] INFO  o.e.b.c.i.u.g.PublishedGradleVersions - Gradle version information cache is up-to-date. Trying to read.
2024-12-30 00:03:18,735 [Worker-19: Import Getting Started Content] INFO  o.e.m.c.i.l.LifecycleMappingFactory - Using org.eclipse.m2e.jdt.JarLifecycleMapping lifecycle mapping for MavenProject: com.ganesh:REST-API-Products:0.0.1-SNAPSHOT @ D:\PROGRAMS\Spring Boot\Rest API\REST-API-Products\pom.xml.
2024-12-30 00:03:24,982 [Worker-19: Import Getting Started Content] INFO  o.e.m.j.i.AbstractJavaProjectConfigurator - Adding source folder /REST-API-Products/src/main/java
2024-12-30 00:03:24,985 [Worker-19: Import Getting Started Content] INFO  o.e.m.j.i.AbstractJavaProjectConfigurator - Adding resource folder /REST-API-Products/src/main/resources
2024-12-30 00:03:24,996 [Worker-19: Import Getting Started Content] INFO  o.e.m.j.i.AbstractJavaProjectConfigurator - Adding resource folder /REST-API-Products/src/main/resources
2024-12-30 00:03:25,009 [Worker-19: Import Getting Started Content] INFO  o.e.m.j.i.AbstractJavaProjectConfigurator - Adding source folder /REST-API-Products/src/test/java
2024-12-30 00:03:25,011 [Worker-19: Import Getting Started Content] INFO  o.e.m.j.i.AbstractJavaProjectConfigurator - Adding resource folder /REST-API-Products/src/test/resources
2024-12-30 00:03:30,420 [Worker-19: Import Getting Started Content] INFO  o.e.m.c.i.p.ProjectConfigurationManager - Imported and configured 1 project(s) in 18 sec
2024-12-30 00:03:30,425 [Worker-19: Import Getting Started Content] INFO  o.e.m.c.i.p.ProjectConfigurationManager - Update started
2024-12-30 00:03:30,985 [Worker-19: Import Getting Started Content] INFO  o.e.m.c.i.l.LifecycleMappingFactory - Using org.eclipse.m2e.jdt.JarLifecycleMapping lifecycle mapping for MavenProject: com.ganesh:REST-API-Products:0.0.1-SNAPSHOT @ D:\PROGRAMS\Spring Boot\Rest API\REST-API-Products\pom.xml.
2024-12-30 00:03:32,869 [Worker-19: Import Getting Started Content] INFO  o.e.m.j.i.AbstractJavaProjectConfigurator - Adding source folder /REST-API-Products/src/main/java
2024-12-30 00:03:32,870 [Worker-19: Import Getting Started Content] INFO  o.e.m.j.i.AbstractJavaProjectConfigurator - Adding resource folder /REST-API-Products/src/main/resources
2024-12-30 00:03:32,871 [Worker-19: Import Getting Started Content] INFO  o.e.m.j.i.AbstractJavaProjectConfigurator - Adding resource folder /REST-API-Products/src/main/resources
2024-12-30 00:03:32,872 [Worker-19: Import Getting Started Content] INFO  o.e.m.j.i.AbstractJavaProjectConfigurator - Adding source folder /REST-API-Products/src/test/java
2024-12-30 00:03:32,873 [Worker-19: Import Getting Started Content] INFO  o.e.m.j.i.AbstractJavaProjectConfigurator - Adding resource folder /REST-API-Products/src/test/resources
2024-12-30 00:03:34,510 [Worker-19: Import Getting Started Content] INFO  o.e.m.c.i.p.ProjectConfigurationManager - Update completed for 1 poms: local refresh takes 0.00 sec, refresh facades takes 2.00 sec, update config takes 0.00 sec 
2024-12-30 00:14:18,137 [Worker-29: Launching REST-API-Products - RestApiProductsApplication] INFO  o.a.m.s.f.DefaultMavenResourcesFiltering - Copying 1 resource from src\main\resources to target\classes
2024-12-30 00:14:18,179 [Worker-29: Launching REST-API-Products - RestApiProductsApplication] INFO  o.a.m.s.f.DefaultMavenResourcesFiltering - Copying 0 resource from src\main\resources to target\classes
2024-12-30 00:14:18,194 [Worker-29: Launching REST-API-Products - RestApiProductsApplication] INFO  o.a.m.s.f.DefaultMavenResourcesFiltering - skip non existing resourceDirectory D:\PROGRAMS\Spring Boot\Rest API\REST-API-Products\src\test\resources
2024-12-30 00:18:45,786 [Worker-30: Launching REST-API-Products - RestApiProductsApplication] INFO  o.a.m.s.f.DefaultMavenResourcesFiltering - Copying 1 resource from src\main\resources to target\classes
2024-12-30 00:18:45,815 [Worker-30: Launching REST-API-Products - RestApiProductsApplication] INFO  o.a.m.s.f.DefaultMavenResourcesFiltering - Copying 0 resource from src\main\resources to target\classes
2024-12-30 00:18:45,824 [Worker-30: Launching REST-API-Products - RestApiProductsApplication] INFO  o.a.m.s.f.DefaultMavenResourcesFiltering - skip non existing resourceDirectory D:\PROGRAMS\Spring Boot\Rest API\REST-API-Products\src\test\resources
2024-12-30 00:21:57,370 [Worker-29: Launching REST-API-Products - RestApiProductsApplication] INFO  o.a.m.s.f.DefaultMavenResourcesFiltering - Copying 1 resource from src\main\resources to target\classes
2024-12-30 00:21:57,404 [Worker-29: Launching REST-API-Products - RestApiProductsApplication] INFO  o.a.m.s.f.DefaultMavenResourcesFiltering - Copying 0 resource from src\main\resources to target\classes
2024-12-30 00:21:57,408 [Worker-29: Launching REST-API-Products - RestApiProductsApplication] INFO  o.a.m.s.f.DefaultMavenResourcesFiltering - skip non existing resourceDirectory D:\PROGRAMS\Spring Boot\Rest API\REST-API-Products\src\test\resources
2024-12-30 00:26:34,426 [Worker-36: Launching REST-API-Products - RestApiProductsApplication] INFO  o.a.m.s.f.DefaultMavenResourcesFiltering - Copying 1 resource from src\main\resources to target\classes
2024-12-30 00:26:34,456 [Worker-36: Launching REST-API-Products - RestApiProductsApplication] INFO  o.a.m.s.f.DefaultMavenResourcesFiltering - Copying 0 resource from src\main\resources to target\classes
2024-12-30 00:26:34,462 [Worker-36: Launching REST-API-Products - RestApiProductsApplication] INFO  o.a.m.s.f.DefaultMavenResourcesFiltering - skip non existing resourceDirectory D:\PROGRAMS\Spring Boot\Rest API\REST-API-Products\src\test\resources
2024-12-30 00:27:21,743 [Worker-34: Updating Maven Project] INFO  o.e.m.c.i.p.ProjectConfigurationManager - Update started
2024-12-30 00:27:22,735 [Worker-34: Updating Maven Project] INFO  o.e.m.c.i.l.LifecycleMappingFactory - Using org.eclipse.m2e.jdt.JarLifecycleMapping lifecycle mapping for MavenProject: com.ganesh:REST-API-Products:0.0.1-SNAPSHOT @ D:\PROGRAMS\Spring Boot\Rest API\REST-API-Products\pom.xml.
2024-12-30 00:27:23,859 [Worker-34: Updating Maven Project] INFO  o.e.m.j.i.AbstractJavaProjectConfigurator - Adding source folder /REST-API-Products/src/main/java
2024-12-30 00:27:23,860 [Worker-34: Updating Maven Project] INFO  o.e.m.j.i.AbstractJavaProjectConfigurator - Adding resource folder /REST-API-Products/src/main/resources
2024-12-30 00:27:23,861 [Worker-34: Updating Maven Project] INFO  o.e.m.j.i.AbstractJavaProjectConfigurator - Adding resource folder /REST-API-Products/src/main/resources
2024-12-30 00:27:23,862 [Worker-34: Updating Maven Project] INFO  o.e.m.j.i.AbstractJavaProjectConfigurator - Adding source folder /REST-API-Products/src/test/java
2024-12-30 00:27:23,864 [Worker-34: Updating Maven Project] INFO  o.e.m.j.i.AbstractJavaProjectConfigurator - Adding resource folder /REST-API-Products/src/test/resources
2024-12-30 00:27:24,893 [Worker-34: Updating Maven Project] INFO  o.e.m.c.i.p.ProjectConfigurationManager - Update completed for 1 poms: local refresh takes 0.00 sec, refresh facades takes 2.00 sec, update config takes 0.00 sec 
2024-12-30 00:27:29,990 [Worker-29: Launching REST-API-Products - RestApiProductsApplication] INFO  o.a.m.s.f.DefaultMavenResourcesFiltering - Copying 1 resource from src\main\resources to target\classes
2024-12-30 00:27:30,013 [Worker-29: Launching REST-API-Products - RestApiProductsApplication] INFO  o.a.m.s.f.DefaultMavenResourcesFiltering - Copying 0 resource from src\main\resources to target\classes
2024-12-30 00:27:30,021 [Worker-29: Launching REST-API-Products - RestApiProductsApplication] INFO  o.a.m.s.f.DefaultMavenResourcesFiltering - skip non existing resourceDirectory D:\PROGRAMS\Spring Boot\Rest API\REST-API-Products\src\test\resources
2024-12-30 12:37:40,248 [Worker-1: Loading available Gradle versions] INFO  o.e.b.c.i.u.g.PublishedGradleVersions - Gradle version information cache is up-to-date. Trying to read.
2024-12-30 12:59:45,506 [Worker-25: Launching REST-API-Products - RestApiProductsApplication] INFO  o.a.m.s.f.DefaultMavenResourcesFiltering - Copying 1 resource from src\main\resources to target\classes
2024-12-30 12:59:45,577 [Worker-25: Launching REST-API-Products - RestApiProductsApplication] INFO  o.a.m.s.f.DefaultMavenResourcesFiltering - Copying 0 resource from src\main\resources to target\classes
2024-12-30 12:59:45,587 [Worker-25: Launching REST-API-Products - RestApiProductsApplication] INFO  o.a.m.s.f.DefaultMavenResourcesFiltering - skip non existing resourceDirectory D:\PROGRAMS\Spring Boot\Rest API\REST-API-Products\src\test\resources
2024-12-30 13:01:28,570 [Worker-23: Launching REST-API-Products - RestApiProductsApplication] INFO  o.e.m.c.i.l.LifecycleMappingFactory - Using org.eclipse.m2e.jdt.JarLifecycleMapping lifecycle mapping for MavenProject: com.ganesh:REST-API-Products:0.0.1-SNAPSHOT @ D:\PROGRAMS\Spring Boot\Rest API\REST-API-Products\pom.xml.
2024-12-30 13:01:30,331 [Worker-23: Launching REST-API-Products - RestApiProductsApplication] INFO  o.a.m.s.f.DefaultMavenResourcesFiltering - Copying 0 resource from src\main\resources to target\classes
2024-12-30 13:01:30,332 [Worker-23: Launching REST-API-Products - RestApiProductsApplication] INFO  o.a.m.s.f.DefaultMavenResourcesFiltering - Copying 0 resource from src\main\resources to target\classes
2024-12-30 13:01:30,338 [Worker-23: Launching REST-API-Products - RestApiProductsApplication] INFO  o.a.m.s.f.DefaultMavenResourcesFiltering - skip non existing resourceDirectory D:\PROGRAMS\Spring Boot\Rest API\REST-API-Products\src\test\resources
2024-12-30 13:12:03,897 [Worker-34: Launching REST-API-Products - RestApiProductsApplication] INFO  o.a.m.s.f.DefaultMavenResourcesFiltering - Copying 1 resource from src\main\resources to target\classes
2024-12-30 13:12:03,922 [Worker-34: Launching REST-API-Products - RestApiProductsApplication] INFO  o.a.m.s.f.DefaultMavenResourcesFiltering - Copying 0 resource from src\main\resources to target\classes
2024-12-30 13:12:03,924 [Worker-34: Launching REST-API-Products - RestApiProductsApplication] INFO  o.a.m.s.f.DefaultMavenResourcesFiltering - skip non existing resourceDirectory D:\PROGRAMS\Spring Boot\Rest API\REST-API-Products\src\test\resources
2024-12-30 21:44:05,093 [Worker-4: Loading available Gradle versions] INFO  o.e.b.c.i.u.g.PublishedGradleVersions - Gradle version information cache is out-of-date. Trying to update.
2025-01-01 12:30:35,778 [Worker-3: Loading available Gradle versions] INFO  o.e.b.c.i.u.g.PublishedGradleVersions - Gradle version information cache is out-of-date. Trying to update.
